
[2025-04-03 15:43:53] ===== INICIO DE EJECUCIÓN =====
[2025-04-03 15:43:53] Sistema: Windows 10
[2025-04-03 15:43:53] Ruta: D:\TRABAJOS\WebEmpresa\public
[2025-04-03 15:43:53] Argumentos: ['D:\\TRABAJOS\\WebEmpresa\\Script/app.py', 'hola']
[2025-04-03 15:43:53] Pregunta: hola

[2025-04-03 16:01:27] ===== INICIO DE EJECUCIÓN =====
[2025-04-03 16:01:27] Sistema: Windows 10
[2025-04-03 16:01:27] Ruta: D:\TRABAJOS\WebEmpresa\public
[2025-04-03 16:01:27] Argumentos: ['D:\\TRABAJOS\\WebEmpresa\\Script/app.py', 'hola']
[2025-04-03 16:01:27] Pregunta: hola

[2025-04-03 16:02:35] ===== INICIO DE EJECUCIÓN =====
[2025-04-03 16:02:35] Sistema: Windows 10
[2025-04-03 16:02:35] Ruta: D:\TRABAJOS\WebEmpresa\public
[2025-04-03 16:02:35] Argumentos: ['D:\\TRABAJOS\\WebEmpresa\\Script/app.py', 'hola']
[2025-04-03 16:02:35] Pregunta: hola

[2025-04-03 16:03:39] ===== INICIO DE EJECUCIÓN =====
[2025-04-03 16:03:39] Sistema: Windows 10
[2025-04-03 16:03:39] Ruta: D:\TRABAJOS\WebEmpresa\public
[2025-04-03 16:03:39] Argumentos: ['D:\\TRABAJOS\\WebEmpresa\\Script/app.py', 'hola']
[2025-04-03 16:03:39] Pregunta: hola

[2025-04-03 16:04:16] ===== INICIO DE EJECUCIÓN =====
[2025-04-03 16:04:16] Sistema: Windows 10
[2025-04-03 16:04:16] Ruta: D:\TRABAJOS\WebEmpresa\public
[2025-04-03 16:04:16] Argumentos: ['D:\\TRABAJOS\\WebEmpresa\\Script/app.py', 'hola']
[2025-04-03 16:04:16] Pregunta: hola

[2025-04-03 16:04:58] ===== INICIO DE EJECUCIÓN =====
[2025-04-03 16:04:58] Sistema: Windows 10
[2025-04-03 16:04:58] Ruta: D:\TRABAJOS\WebEmpresa\public
[2025-04-03 16:04:58] Argumentos: ['D:\\TRABAJOS\\WebEmpresa\\Script/app.py', 'hola']
[2025-04-03 16:04:58] Pregunta: hola

[2025-04-03 16:06:32] ===== INICIO DE EJECUCIÓN =====
[2025-04-03 16:06:32] Sistema: Windows 10
[2025-04-03 16:06:32] Ruta: D:\TRABAJOS\WebEmpresa\public
[2025-04-03 16:06:32] Argumentos: ['D:\\TRABAJOS\\WebEmpresa\\Script/app.py', 'me duele un poco la cabeza, que me recomiendas?']
[2025-04-03 16:06:32] Pregunta: me duele un poco la cabeza, que me recomiendas?

[2025-04-03 16:07:27] ===== INICIO DE EJECUCIÓN =====
[2025-04-03 16:07:27] Sistema: Windows 10
[2025-04-03 16:07:27] Ruta: D:\TRABAJOS\WebEmpresa\public
[2025-04-03 16:07:27] Argumentos: ['D:\\TRABAJOS\\WebEmpresa\\Script/app.py', 'que te acabo de decir? cual era mi malestar?']
[2025-04-03 16:07:27] Pregunta: que te acabo de decir? cual era mi malestar?

[2025-04-03 16:19:07] ===== INICIO DE EJECUCIÓN =====
[2025-04-03 16:19:07] Sistema: Windows 10
[2025-04-03 16:19:07] Ruta: D:\TRABAJOS\WebEmpresa\public
[2025-04-03 16:19:07] Argumentos: ['D:\\TRABAJOS\\WebEmpresa\\Script/app.py', 'que numero debo llamar para una emergencia?']
[2025-04-03 16:19:07] Pregunta: que numero debo llamar para una emergencia?

[2025-04-03 16:24:40] ===== INICIO DE EJECUCIÓN =====
[2025-04-03 16:24:40] Sistema: Windows 10
[2025-04-03 16:24:40] Ruta: D:\TRABAJOS\WebEmpresa\public
[2025-04-03 16:24:40] Argumentos: ['D:\\TRABAJOS\\WebEmpresa\\Script/app.py', 'hola, como estas?']
[2025-04-03 16:24:40] Pregunta: hola, como estas?

[2025-04-03 16:25:59] ===== INICIO DE EJECUCIÓN =====
[2025-04-03 16:25:59] Sistema: Windows 10
[2025-04-03 16:25:59] Ruta: D:\TRABAJOS\WebEmpresa\public
[2025-04-03 16:25:59] Argumentos: ['D:\\TRABAJOS\\WebEmpresa\\Script/app.py', 'tengo dolor en mis dientes? hay algo que me recetes?']
[2025-04-03 16:25:59] Pregunta: tengo dolor en mis dientes? hay algo que me recetes?

[2025-04-03 17:16:26] ===== INICIO DE EJECUCIÓN =====
[2025-04-03 17:16:26] Sistema: Windows 10
[2025-04-03 17:16:26] Ruta: D:\TRABAJOS\WebEmpresa
[2025-04-03 17:16:26] Argumentos: ['d:\\TRABAJOS\\WebEmpresa\\Script\\app.py', '¿Qué', 'debo', 'hacer', 'si', 'tengo', 'fiebre', 'alta?']
[2025-04-03 17:16:26] Pregunta: ¿Qué

[2025-04-03 17:17:14] ===== INICIO DE EJECUCIÓN =====
[2025-04-03 17:17:14] Sistema: Windows 10
[2025-04-03 17:17:14] Ruta: D:\TRABAJOS\WebEmpresa\public
[2025-04-03 17:17:14] Argumentos: ['D:\\TRABAJOS\\WebEmpresa\\Script/app.py', 'tengo dolor de espalda']
[2025-04-03 17:17:14] Pregunta: tengo dolor de espalda

[2025-04-03 17:18:26] ===== INICIO DE EJECUCIÓN =====
[2025-04-03 17:18:26] Sistema: Windows 10
[2025-04-03 17:18:26] Ruta: D:\TRABAJOS\WebEmpresa\public
[2025-04-03 17:18:26] Argumentos: ['D:\\TRABAJOS\\WebEmpresa\\Script/app.py', 'que pastillas son las mas recomendables para cuidar la salud?']
[2025-04-03 17:18:26] Pregunta: que pastillas son las mas recomendables para cuidar la salud?

[2025-04-03 17:24:55] ===== INICIO DE EJECUCIÓN =====
[2025-04-03 17:24:55] Sistema: Windows 10
[2025-04-03 17:24:55] Ruta: D:\TRABAJOS\WebEmpresa\public
[2025-04-03 17:24:55] Argumentos: ['D:\\TRABAJOS\\WebEmpresa\\Script/app.py', 'tienes alguna pregunta para mí?']
[2025-04-03 17:24:55] Pregunta: tienes alguna pregunta para mí?

[2025-04-03 17:54:33] ===== INICIO DE EJECUCIÓN =====
[2025-04-03 17:54:33] Sistema: Windows 10
[2025-04-03 17:54:33] Ruta: D:\TRABAJOS\WebEmpresa\public
[2025-04-03 17:54:33] Argumentos: ['D:\\TRABAJOS\\WebEmpresa\\Script/app.py', 'hola']
[2025-04-03 17:54:33] Pregunta: hola

[2025-04-03 18:15:02] ===== INICIO DE EJECUCIÓN =====
[2025-04-03 18:15:02] Sistema: Windows 10
[2025-04-03 18:15:02] Ruta: D:\TRABAJOS\WebEmpresa\public
[2025-04-03 18:15:02] Argumentos: ['D:\\TRABAJOS\\WebEmpresa\\Script/app.py', 'hola']
[2025-04-03 18:15:02] Pregunta: hola

[2025-04-03 18:15:56] ===== INICIO DE EJECUCIÓN =====
[2025-04-03 18:15:56] Sistema: Windows 10
[2025-04-03 18:15:56] Ruta: D:\TRABAJOS\WebEmpresa\public
[2025-04-03 18:15:56] Argumentos: ['D:\\TRABAJOS\\WebEmpresa\\Script/app.py', 'como te llamas?']
[2025-04-03 18:15:56] Pregunta: como te llamas?

[2025-04-03 18:34:51] ===== INICIO DE EJECUCIÓN =====
[2025-04-03 18:34:51] Sistema: Windows 10
[2025-04-03 18:34:51] Ruta: D:\TRABAJOS\WebEmpresa\public
[2025-04-03 18:34:51] Argumentos: ['D:\\TRABAJOS\\WebEmpresa\\Script/app.py', 'hola, como estas?']
[2025-04-03 18:34:51] Pregunta: hola, como estas?

[2025-04-03 18:35:29] ===== INICIO DE EJECUCIÓN =====
[2025-04-03 18:35:29] Sistema: Windows 10
[2025-04-03 18:35:29] Ruta: D:\TRABAJOS\WebEmpresa\public
[2025-04-03 18:35:29] Argumentos: ['D:\\TRABAJOS\\WebEmpresa\\Script/app.py', 'me llamo Alex']
[2025-04-03 18:35:29] Pregunta: me llamo Alex

[2025-04-03 18:37:37] ===== INICIO DE EJECUCIÓN =====
[2025-04-03 18:37:37] Sistema: Windows 10
[2025-04-03 18:37:37] Ruta: D:\TRABAJOS\WebEmpresa
[2025-04-03 18:37:37] Argumentos: ['d:\\TRABAJOS\\WebEmpresa\\Script\\app.py', '¿Qué', 'debo', 'hacer', 'si', 'tengo', 'fiebre', 'alta?']
[2025-04-03 18:37:37] Pregunta: ¿Qué

[2025-04-03 18:41:38] ===== INICIO DE EJECUCIÓN =====
[2025-04-03 18:41:38] Sistema: Windows 10
[2025-04-03 18:41:38] Ruta: D:\TRABAJOS\WebEmpresa\public
[2025-04-03 18:41:38] Argumentos: ['D:\\TRABAJOS\\WebEmpresa\\Script/app.py', 'hola, como estas?']
[2025-04-03 18:41:38] Pregunta: hola, como estas?

[2025-04-03 18:55:17] ===== INICIO DE EJECUCIÓN =====
[2025-04-03 18:55:17] Sistema: Windows 10
[2025-04-03 18:55:17] Ruta: D:\TRABAJOS\WebEmpresa\public
[2025-04-03 18:55:17] Argumentos: ['D:\\TRABAJOS\\WebEmpresa\\Script/app.py', 'me llamo Alex, como me llamo?']
[2025-04-03 18:55:17] Pregunta: me llamo Alex, como me llamo?

[2025-04-03 19:04:52] ===== INICIO DE EJECUCIÓN =====
[2025-04-03 19:04:52] Sistema: Windows 10
[2025-04-03 19:04:52] Ruta: D:\TRABAJOS\WebEmpresa\public
[2025-04-03 19:04:52] Argumentos: ['D:\\TRABAJOS\\WebEmpresa\\Script/app.py', 'hola']
[2025-04-03 19:04:52] Pregunta: hola

[2025-04-03 19:07:02] ===== INICIO DE EJECUCIÓN =====
[2025-04-03 19:07:02] Sistema: Windows 10
[2025-04-03 19:07:02] Ruta: D:\TRABAJOS\WebEmpresa\public
[2025-04-03 19:07:02] Argumentos: ['D:\\TRABAJOS\\WebEmpresa\\Script/app.py', 'hola']
[2025-04-03 19:07:02] Pregunta: hola

[2025-04-03 19:08:13] ===== INICIO DE EJECUCIÓN =====
[2025-04-03 19:08:13] Sistema: Windows 10
[2025-04-03 19:08:13] Ruta: D:\TRABAJOS\WebEmpresa\public
[2025-04-03 19:08:13] Argumentos: ['D:\\TRABAJOS\\WebEmpresa\\Script/app.py', 'hola']
[2025-04-03 19:08:13] Pregunta: hola

[2025-04-03 19:10:02] ===== INICIO DE EJECUCIÓN =====
[2025-04-03 19:10:02] Sistema: Windows 10
[2025-04-03 19:10:02] Ruta: D:\TRABAJOS\WebEmpresa\public
[2025-04-03 19:10:02] Argumentos: ['D:\\TRABAJOS\\WebEmpresa\\Script/app.py', 'hola, como estas?']
[2025-04-03 19:10:02] Pregunta: hola, como estas?

[2025-04-03 19:14:06] ===== INICIO DE EJECUCIÓN =====
[2025-04-03 19:14:06] Sistema: Windows 10
[2025-04-03 19:14:06] Ruta: D:\TRABAJOS\WebEmpresa\public
[2025-04-03 19:14:06] Argumentos: ['D:\\TRABAJOS\\WebEmpresa\\Script/app.py', 'hola']
[2025-04-03 19:14:06] Pregunta: hola

[2025-04-03 19:16:42] ===== INICIO DE EJECUCIÓN =====
[2025-04-03 19:16:42] Sistema: Windows 10
[2025-04-03 19:16:42] Ruta: D:\TRABAJOS\WebEmpresa\public
[2025-04-03 19:16:42] Argumentos: ['D:\\TRABAJOS\\WebEmpresa\\Script/app.py', 'hola']
[2025-04-03 19:16:42] Pregunta: hola
